<?xml version="1.0" encoding="UTF-8"?>
<testng-results ignored="0" total="1" passed="1" failed="0" skipped="0">
  <reporter-output>
  </reporter-output>
  <suite started-at="2022-12-20T17:48:08 CST" name="Default suite" finished-at="2022-12-20T17:48:16 CST" duration-ms="7798">
    <groups>
    </groups>
    <test started-at="2022-12-20T17:48:08 CST" name="Default test" finished-at="2022-12-20T17:48:16 CST" duration-ms="7798">
      <class name="BillGenerate.billGenerate">
        <test-method signature="run()[pri:0, instance:BillGenerate.billGenerate@4efbca5a]" started-at="2022-12-20T17:48:08 CST" name="run" finished-at="2022-12-20T17:48:16 CST" duration-ms="7751" status="PASS">
          <reporter-output>
          </reporter-output>
        </test-method> <!-- run -->
      </class> <!-- BillGenerate.billGenerate -->
    </test> <!-- Default test -->
  </suite> <!-- Default suite -->
</testng-results>
